File: \AccessibleMarshal.dll
File: \application.ini
File: \blocklist.xml
File: \crashreporter-override.ini
File: \crashreporter.exe
File: \crashreporter.ini
File: \firefox.exe
File: \freebl3.chk
File: \freebl3.dll
File: \js3250.dll
File: \LICENSE
File: \mozcrt19.dll
File: \nspr4.dll
File: \nss3.dll
File: \nssckbi.dll
File: \nssdbm3.dll
File: \nssutil3.dll
File: \platform.ini
File: \plc4.dll
File: \plds4.dll
File: \README.txt
File: \smime3.dll
File: \softokn3.chk
File: \softokn3.dll
File: \sqlite3.dll
File: \ssl3.dll
File: \updater.exe
File: \xpcom.dll
File: \xul.dll
File: \res\arrow.gif
File: \res\arrowd.gif
File: \res\broken-image.gif
File: \res\charsetalias.properties
File: \res\charsetData.properties
File: \res\contenteditable.css
File: \res\designmode.css
File: \res\EditorOverride.css
File: \res\forms.css
File: \res\grabber.gif
File: \res\hiddenWindow.html
File: \res\html.css
File: \res\langGroups.properties
File: \res\language.properties
File: \res\loading-image.gif
File: \res\mathml.css
File: \res\quirk.css
File: \res\svg.css
File: \res\table-add-column-after-active.gif
File: \res\table-add-column-after-hover.gif
File: \res\table-add-column-after.gif
File: \res\table-add-column-before-active.gif
File: \res\table-add-column-before-hover.gif
File: \res\table-add-column-before.gif
File: \res\table-add-row-after-active.gif
File: \res\table-add-row-after-hover.gif
File: \res\table-add-row-after.gif
File: \res\table-add-row-before-active.gif
File: \res\table-add-row-before-hover.gif
File: \res\table-add-row-before.gif
File: \res\table-remove-column-active.gif
File: \res\table-remove-column-hover.gif
File: \res\table-remove-column.gif
File: \res\table-remove-row-active.gif
File: \res\table-remove-row-hover.gif
File: \res\table-remove-row.gif
File: \res\ua.css
File: \res\viewsource.css
File: \res\wincharset.properties
File: \res\html\folder.png
File: \res\fonts\mathfont.properties
File: \res\fonts\mathfontStandardSymbolsL.properties
File: \res\fonts\mathfontSTIXNonUnicode.properties
File: \res\fonts\mathfontSTIXSize1.properties
File: \res\fonts\mathfontSymbol.properties
File: \res\fonts\mathfontUnicode.properties
File: \res\entityTables\html40Latin1.properties
File: \res\entityTables\html40Special.properties
File: \res\entityTables\html40Symbols.properties
File: \res\entityTables\htmlEntityVersions.properties
File: \res\entityTables\mathml20.properties
File: \res\entityTables\transliterate.properties
File: \res\dtd\mathml.dtd
File: \res\dtd\xhtml11.dtd
File: \plugins\npnul32.dll
File: \modules\debug.js
File: \modules\distribution.js
File: \modules\DownloadUtils.jsm
File: \modules\ISO8601DateUtils.jsm
File: \modules\JSON.jsm
File: \modules\Microformats.js
File: \modules\PluralForm.jsm
File: \modules\utils.js
File: \modules\XPCOMUtils.jsm
File: \greprefs\all.js
File: \greprefs\security-prefs.js
File: \greprefs\xpinstall.js
File: \extensions\{972ce4c6-7e08-4474-a285-3208198ce6fd}\install.rdf
File: \defaults\pref\channel-prefs.js
File: \defaults\pref\firefox-branding.js
File: \defaults\pref\firefox.js
File: \defaults\pref\reporter.js
File: \defaults\autoconfig\platform.js
File: \defaults\autoconfig\prefcalls.js
File: \components\aboutRobots.js
File: \components\browser.xpt
File: \components\browserdirprovider.dll
File: \components\brwsrcmp.dll
File: \components\FeedConverter.js
File: \components\FeedProcessor.js
File: \components\FeedWriter.js
File: \components\fuelApplication.js
File: \components\jsconsole-clhandler.js
File: \components\nsAddonRepository.js
File: \components\nsBlocklistService.js
File: \components\nsBrowserContentHandler.js
File: \components\nsBrowserGlue.js
File: \components\nsContentDispatchChooser.js
File: \components\nsContentPrefService.js
File: \components\nsDefaultCLH.js
File: \components\nsDownloadManagerUI.js
File: \components\nsExtensionManager.js
File: \components\nsHandlerService.js
File: \components\nsHelperAppDlg.js
File: \components\nsLivemarkService.js
File: \components\nsLoginInfo.js
File: \components\nsLoginManager.js
File: \components\nsLoginManagerPrompter.js
File: \components\nsMicrosummaryService.js
File: \components\nsPlacesTransactionsService.js
File: \components\nsPostUpdateWin.js
File: \components\nsProxyAutoConfig.js
File: \components\nsSafebrowsingApplication.js
File: \components\nsSearchService.js
File: \components\nsSearchSuggestions.js
File: \components\nsSessionStartup.js
File: \components\nsSessionStore.js
File: \components\nsSetDefaultBrowser.js
File: \components\nsSidebar.js
File: \components\nsTaggingService.js
File: \components\nsTryToClose.js
File: \components\nsUpdateService.js
File: \components\nsUrlClassifierLib.js
File: \components\nsUrlClassifierListManager.js
File: \components\nsURLFormatter.js
File: \components\nsWebHandlerApp.js
File: \components\pluginGlue.js
File: \components\storage-Legacy.js
File: \components\txEXSLTRegExFunctions.js
File: \components\WebContentConverter.js
File: \chrome\browser.jar
File: \chrome\browser.manifest
File: \chrome\classic.jar
File: \chrome\classic.manifest
File: \chrome\comm.jar
File: \chrome\comm.manifest
File: \chrome\pippki.jar
File: \chrome\pippki.manifest
File: \chrome\reporter.jar
File: \chrome\reporter.manifest
File: \chrome\toolkit.jar
File: \chrome\toolkit.manifest
DLLReg: \AccessibleMarshal.dll
File: \components\compreg.dat
File: \components\xpti.dat
File: \.autoreg
File: \active-update.xml
File: \install.log
File: \install_status.log
File: \install_wizard.log
File: \updates.xml
File: \browserconfig.properties
File: \old-homepage-default.properties
File: \updater.ini
File: \uninstall\helper.exe
File: \searchplugins\amazondotcom.xml
File: \searchplugins\answers.xml
File: \searchplugins\creativecommons.xml
File: \searchplugins\eBay.xml
File: \searchplugins\google.xml
File: \searchplugins\wikipedia.xml
File: \searchplugins\yahoo.xml
File: \dictionaries\en-US.aff
File: \dictionaries\en-US.dic
File: \defaults\profile\bookmarks.html
File: \defaults\profile\localstore.rdf
File: \defaults\profile\mimeTypes.rdf
File: \defaults\profile\prefs.js
File: \defaults\profile\chrome\userChrome-example.css
File: \defaults\profile\chrome\userContent-example.css
File: \defaults\pref\firefox-l10n.js
File: \chrome\en-US.jar
File: \chrome\en-US.manifest
File: \components\nsIQTScriptablePlugin.xpt
File: C:\Documents and Settings\All Users\Start Menu\Programs\Mozilla Firefox\Mozilla Firefox.lnk
File: C:\Documents and Settings\All Users\Start Menu\Programs\Mozilla Firefox\Mozilla Firefox (Safe Mode).lnk
File: C:\Documents and Settings\jfk\Application Data\Microsoft\Internet Explorer\Quick Launch\Mozilla Firefox.lnk
File: C:\Documents and Settings\All Users\Desktop\Mozilla Firefox.lnk
